         w __deregister_frame_info
         w __register_frame_info
         w __syscall_lock_close_recursive
         w userAppExit
         w userAppInit
00000000 00000802 B __ctru_dev_utf16_buf
00000000 a shift
00000000 a shift
00000000 b _TLS_MODULE_BASE_
00000804 00000401 B __ctru_dev_path_buf
00100000 A __start__
00100000 T _start
00100008 T __service_ptr
0010000c T __apt_appid
00100010 T __heap_size
00100014 T __linear_heap_size
00100018 T __system_arglist
0010001c T __system_runflags
00100020 t startup
00100058 t ClearMem
0010006c t ClrLoop
00100094 T _init
001000ac T __aeabi_idiv
001000ac 00000220 T __divsi3
001000b4 t .divsi3_skip_div0_test
001002cc 00000020 T __aeabi_idivmod
001002ec 00000004 W __aeabi_idiv0
001002ec 00000004 W __aeabi_ldiv0
001002f0 T __aeabi_drsub
001002f8 000002b0 T __aeabi_dsub
001002f8 000002b0 T __subdf3
001002fc 000002ac T __adddf3
001002fc 000002ac T __aeabi_dadd
001005a8 00000024 T __aeabi_ui2d
001005a8 00000024 T __floatunsidf
001005cc 00000028 T __aeabi_i2d
001005cc 00000028 T __floatsidf
001005f4 00000048 T __aeabi_f2d
001005f4 00000048 T __extendsfdf2
0010063c 00000074 T __aeabi_ul2d
0010063c 00000074 T __floatundidf
00100650 00000060 T __aeabi_l2d
00100650 00000060 T __floatdidf
001006b0 T __aeabi_uldivmod
00100708 00000390 T strcmp
00100a90 T __aeabi_uidiv
00100a90 000001ec T __udivsi3
00100a90 t .udivsi3_skip_div0_test
00100c7c 00000020 T __aeabi_uidivmod
00100c9c t __do_global_dtors_aux
00100cdc t frame_dummy
00100d08 00000018 t C2D_SceneTarget
00100d20 00000020 t C2D_SceneBegin
00100d40 00000018 t C2D_DrawRectSolid
00100d58 00000014 T exitTheGame
00100d6c 00000028 T cutANumber
00100d98 0000027c T handleInput
00101018 00000a54 T main
00101a6c 00000044 t C2Di_FrameEndHook
00101ab0 0000036c T C2D_Init
00101e1c 0000004c T C2D_Fini
00101e68 000000b8 T C2D_Prepare
00101f20 00000048 T C2D_Flush
00101f68 00000104 T C2D_SceneSize
0010206c 00000058 T C2D_CreateScreenTarget
001020c4 00000064 T C2D_TargetClear
00102128 00000058 T C2Di_AppendQuad
00102180 00000550 T C2Di_Update
001026d0 000001dc T C2D_DrawLine
001028ac 00000158 T C2D_DrawRectangle
00102a04 00000004 W C3Di_LightEnvUpdate
00102a08 00000004 W C3Di_LightEnvDirty
00102a0c 000000b4 t C3Di_AptEventHook
00102ac0 00000004 W C3Di_GasUpdate
00102ac4 000001e0 T C3D_Init
00102ca4 00000098 T C3D_SetViewport
00102d3c 000004e8 T C3Di_UpdateContext
00103224 000000e0 T C3Di_SplitFrame
00103304 00000044 T C3D_Fini
00103348 00000114 T C3D_BindProgram
0010345c 0000004c t onVBlank0
001034a8 0000004c t onVBlank1
001034f4 00000080 t C3Di_RenderTargetDestroy
00103574 000000f4 t onQueueFinish
00103668 00000038 T C3Di_RenderQueueEnableVBlank
001036a0 00000030 T C3Di_RenderQueueDisableVBlank
001036d0 00000060 T C3Di_RenderQueueInit
00103730 000000b0 T C3Di_RenderQueueExit
001037e0 00000034 T C3Di_RenderQueueWaitDone
00103814 000000e4 T C3D_FrameBegin
001038f8 00000048 T C3D_FrameDrawOn
00103940 00000058 T C3D_FrameSplit
00103998 000001d8 T C3D_FrameEnd
00103b70 0000001c T C3D_FrameEndHook
00103b8c 00000184 T C3D_RenderTargetCreate
00103d10 000000a8 T C3D_RenderTargetSetOutput
00103db8 00000044 T C3D_TexBind
00103dfc 0000016c T C3Di_SetTex
00103f68 0000001c T C3D_CalcColorBufSize
00103f84 0000001c T C3D_CalcDepthBufSize
00103fa0 00000044 T C3D_SetFrameBuf
00103fe4 0000016c T C3Di_FrameBufBind
00104150 000000c8 T C3D_FrameBufClear
00104218 00000044 T C3D_FrameBufTransfer
0010425c 00000034 T C3D_GetTexEnv
00104290 00000024 T C3Di_TexEnvBind
001042b4 00000218 T C3D_DrawElements
001044cc 00000070 T C3D_ProcTexInit
0010453c 00000054 T C3D_ProcTexBind
00104590 0000005c T C3D_ProcTexLutBind
001045ec 000000a4 T ProcTexLut_FromArray
00104690 0000017c T C3Di_ProcTexUpdate
0010480c 00000068 T C3Di_ProcTexDirty
00104874 00000024 T BufInfo_Init
00104898 00000080 T BufInfo_Add
00104918 00000040 T C3D_SetBufInfo
00104958 00000048 T C3Di_BufInfoBind
001049a0 00000040 T C3D_DepthMap
001049e0 0000001c T C3D_CullFace
001049fc 00000040 T C3D_StencilTest
00104a3c 00000024 T C3D_StencilOp
00104a60 0000001c T C3D_BlendingColor
00104a7c 00000024 T C3D_EarlyDepthTest
00104aa0 0000002c T C3D_DepthTest
00104acc 0000002c T C3D_AlphaTest
00104af8 00000050 T C3D_AlphaBlend
00104b48 00000030 T C3D_FragOpMode
00104b78 00000044 T C3D_FragOpShadow
00104bbc 000001ac T C3Di_EffectBind
00104d68 00000028 T AttrInfo_Init
00104d90 00000094 T AttrInfo_AddLoader
00104e24 00000054 T C3D_SetAttrInfo
00104e78 00000080 T C3Di_AttrInfoBind
00104ef8 000000a8 T C3D_ImmSendAttrib
00104fa0 00000280 T C3D_UpdateUniforms
00105220 000000c0 T C3Di_DirtyUniforms
001052e0 000000d8 T C3Di_LoadShaderUniforms
001053b8 00000028 T C3Di_ClearShaderUniforms
001053e0 000000cc T Mtx_Ortho
001054ac 000000cc T Mtx_OrthoTilt
00105578 00000024 t addrMapNodeComparator(rbtree_node const*, rbtree_node const*)
0010559c 00000004 t addrMapNodeDestructor(rbtree_node*)
001055a0 00000250 T vramMemAlignAt
001057f0 0000000c T vramAlloc
001057fc 0000000c T vramAllocAt
00105808 00000090 T vramFree
00105898 00000024 t addrMapNodeComparator(rbtree_node const*, rbtree_node const*)
001058bc 00000004 t addrMapNodeDestructor(rbtree_node*)
001058c0 00000120 T linearMemAlign
001059e0 00000008 T linearAlloc
001059e8 0000005c T linearFree
00105a44 00000080 T MemPool::CoalesceRight(MemBlock*)
00105ac4 0000016c T MemPool::Allocate(MemChunk&, unsigned long, int)
00105c30 000000fc T MemPool::Deallocate(MemChunk const&)
00105d2c 00000030 T MemPool::GetFreeSpace()
00105d5c 00000074 T osConvertVirtToPhys
00105dd0 00000034 T __ctru_speedup_config
00105e04 000001e8 t parseColor
00105fec 000001ac T consoleDrawChar
00106198 00000124 T consolePrintChar
001062bc 00000b94 T con_write
00106e50 000000fc t newRow
00106f4c 00000168 T consoleInit
001070b4 000000d0 t gfxPresentFramebuffer
00107184 00000010 T gfxSet3D
00107194 0000001c T gfxIsWide
001071b0 000000ec T gfxSetScreenFormat
0010729c 00000010 T gfxSetDoubleBuffering
001072ac 000000e0 T gfxInit
0010738c 00000010 T gfxInitDefault
0010739c 000000b4 T gfxExit
00107450 000000a0 T gfxGetFramebuffer
001074f0 00000104 T gfxFlushBuffers
001075f4 00000030 T gfxScreenSwapBuffers
00107624 00000050 T gfxSwapBuffersGpu
00107674 000001d4 T shaderInstanceInit
00107848 00000018 T shaderInstanceGetUniformLocation
00107860 0000001c T shaderProgramInit
0010787c 00000064 T shaderProgramFree
001078e0 00000080 T shaderProgramSetVsh
00107960 000008e0 T shaderProgramConfigure
00108240 000001cc t DVLE_GenerateOutmap.part.0
0010840c 000001b4 T DVLB_ParseFile
001085c0 00000038 T DVLB_Free
001085f8 00000074 T DVLE_GetUniformRegister
0010866c 00000010 T GX_BindQueue
0010867c 00000078 T GX_ProcessCommandList
001086f4 00000074 T GX_MemoryFill
00108768 00000070 T GX_DisplayTransfer
001087d8 00000068 t gxCmdQueueDoCommands.part.0
00108840 000000c8 T gxCmdQueueInterrupt
00108908 0000004c T gxCmdQueueClear
00108954 000000f8 T gxCmdQueueAdd
00108a4c 00000080 T gxCmdQueueRun
00108acc 00000060 T gxCmdQueueStop
00108b2c 00000074 T gxCmdQueueWait
00108ba0 0000013c T GPUCMD_Add
00108cdc 000000b0 T GPUCMD_Split
00108d8c 00000034 T f32tof16
00108dc0 00000034 T f32tof24
00108df4 00000038 T f32tof31
00108e2c 00000c58 t gspHardwareInit
00109a84 00000248 T gspInit
00109ccc 000000f0 T gspExit
00109dbc 00000010 T gspHasGpuRight
00109dcc 000000a0 T gspPresentBuffer
00109e6c 00000030 T gspSetEventCallback
00109e9c 00000044 T gspWaitForEvent
00109ee0 0000004c T gspWaitForAnyEvent
00109f2c 00000158 t gspEventThreadMain
0010a084 00000130 T gspSubmitGxCommand
0010a1b4 00000050 T GSPGPU_FlushDataCache
0010a204 00000034 T GSPGPU_SetLcdForceBlack
0010a238 00000068 T GSPGPU_AcquireRight
0010a2a0 00000048 T GSPGPU_ReleaseRight
0010a2e8 0000007c T GSPGPU_ImportDisplayCaptureInfo
0010a364 0000002c T GSPGPU_SaveVramSysArea
0010a390 0000002c T GSPGPU_RestoreVramSysArea
0010a3bc 000001a4 t aptConvertScreenForCapture
0010a560 00000008 W aptDspSleep
0010a568 00000004 W aptDspWakeup
0010a56c 00000004 W aptDspCancel
0010a570 00000158 T aptSendCommand
0010a6c8 00000044 t aptExitProcess
0010a70c 000002f4 T aptExit
0010aa00 000000e0 T aptHandleSleep
0010aae0 00000030 T aptHook
0010ab10 00000030 T aptUnhook
0010ab40 00000084 T APT_SleepIfShellClosed
0010abc4 00000084 T aptSetSleepAllowed
0010ac48 00000084 T APT_UnlockTransition
0010acd0 000004a4 t aptEventHandler
0010b174 000000b0 T APT_ReceiveParameter
0010b224 000000b0 t aptReceiveParameter.constprop.0
0010b2d8 000002ac t aptScreenTransfer
0010b584 00000344 t aptWaitForWakeUp.isra.0
0010b8c8 00000100 T aptJumpToHomeMenu
0010b9c8 00000048 T aptMainLoop
0010ba10 0000022c T aptInit
0010bc3c 0000007c T APT_CheckNew3DS
0010bcb8 00000024 W hidShouldUseIrrst
0010bcdc 0000018c T hidInit
0010be68 000000e8 T hidExit
0010bf50 000002a4 T hidScanInput
0010c1f4 00000010 T hidKeysHeld
0010c204 00000010 T hidKeysDown
0010c214 00000018 T hidCircleRead
0010c22c 00000074 T ptmSysmInit
0010c2a0 0000003c T ptmSysmExit
0010c2dc 00000034 T PTMSYSM_ConfigureNew3DSCPU
0010c310 00000010 T rbtree_init
0010c320 000001b4 t do_insert
0010c4d4 00000008 T rbtree_insert
0010c4dc 00000090 T rbtree_rotate
0010c56c 00000318 T rbtree_remove
0010c884 00000074 T rbtree_find
0010c8f8 000001e0 W __system_allocateHeaps
0010cad8 00000038 W __libctru_init
0010cb10 00000170 W __system_initArgv
0010cc80 T svcControlMemory
0010cca0 T svcQueryMemory
0010ccd0 T svcExitProcess
0010ccd8 T svcCreateThread
0010ccf8 T svcExitThread
0010cd00 T svcSleepThread
0010cd08 T svcReleaseMutex
0010cd10 T svcCreateEvent
0010cd24 T svcSignalEvent
0010cd2c T svcClearEvent
0010cd34 T svcMapMemoryBlock
0010cd3c T svcUnmapMemoryBlock
0010cd44 T svcCreateAddressArbiter
0010cd58 T svcArbitrateAddressNoTimeout
0010cd60 T svcCloseHandle
0010cd68 T svcWaitSynchronization
0010cd70 T svcWaitSynchronizationN
0010cd98 T svcDuplicateHandle
0010cdac T svcGetSystemTick
0010cdb4 T svcConnectToPort
0010cdc8 T svcSendSyncRequest
0010cdd0 T svcGetResourceLimit
0010cde4 T svcGetResourceLimitLimitValues
0010cdec T svcGetResourceLimitCurrentValues
0010cdf4 T svcBreak
0010cdfc W initSystem
0010ce4c W __ctru_exit
0010ce64 0000000c T __sync_init
0010ce70 00000018 T __sync_fini
0010ce88 0000002c T syncArbitrateAddress
0010ceb4 000000b0 T LightLock_Lock
0010cf64 00000040 T LightLock_Unlock
0010cfa4 00000024 T RecursiveLock_Init
0010cfc8 00000030 T RecursiveLock_Lock
0010cff8 00000054 T RecursiveLock_Unlock
0010d04c 00000040 T LightEvent_Init
0010d08c 000000a4 T LightEvent_Clear
0010d130 000000c8 T LightEvent_Signal
0010d1f8 00000050 T LightEvent_TryWait
0010d248 000000b0 T LightEvent_Wait
0010d2f8 00000130 T srvInit
0010d428 00000058 T srvExit
0010d480 000000a0 T srvGetServiceHandleDirect
0010d520 00000038 T srvGetServiceHandle
0010d558 00000038 T srvPublishToSubscriber
0010d590 00000178 T threadCreate
0010d708 0000002c T threadFree
0010d734 00000024 T threadJoin
0010d758 00000030 T threadGetCurrent
0010d788 00000040 T threadExit
0010d7c8 00000020 t _thread_begin
0010d7e8 000000b4 t mappableFindAddressWithin
0010d89c 00000028 T mappableInit
0010d8c4 00000080 T mappableAlloc
0010d944 00000004 T mappableFree
0010d948 00000164 T irrstInit
0010daac 000000cc T irrstExit
0010db78 000000b4 T irrstScanInput
0010dc2c 00000024 T irrstKeysHeld
0010dc50 0000000c T srvPmGetSessionHandle
0010dc5c 0000005c T rbtree_node_next
0010dcb8 00000030 W __appInit
0010dce8 00000030 T __syscall_getreent
0010dd18 00000004 T __syscall_lock_acquire
0010dd1c 00000004 T __syscall_lock_release
0010dd20 00000004 T __syscall_lock_init_recursive
0010dd24 00000004 T __syscall_lock_acquire_recursive
0010dd28 00000004 T __syscall_lock_release_recursive
0010dd2c 00000004 T __syscall_exit
0010dd30 00000050 T initThreadVars
0010dd80 00000068 T __system_initSyscalls
0010dde8 00000030 W __appExit
0010de18 00000090 W __libctru_exit
0010dea8 00000084 W envGetHandle
0010df2c 00000050 W envDestroyHandles
0010df7c 00000014 t archive_link
0010df90 00000014 t archive_dirreset
0010dfa4 00000014 t archive_chmod
0010dfb8 00000024 t error_cmp
0010dfdc 00000050 t archive_translate_error
0010e02c 000000c8 t archive_seek
0010e0f4 0000007c t _archiveInit.part.0
0010e170 000000c4 t archiveFindDevice.part.0
0010e234 0000025c t archive_utf16path
0010e490 000000a0 t _archiveUnmountDeviceStruct.part.0
0010e530 00000014 t archive_fchmod
0010e544 00000014 t archive_statvfs
0010e558 00000164 t _archiveMountDevice
0010e6bc 000000e8 t archive_diropen
0010e7a4 000000a4 t archive_fstat
0010e848 0000006c t archive_close
0010e8b4 0000006c t archive_fsync
0010e920 00000070 t archive_dirclose
0010e990 000000e8 t sdmc_statvfs
0010ea78 000000ec t archive_chdir
0010eb64 0000007c t archive_ftruncate
0010ebe0 000000ac t archive_read
0010ec8c 000000a4 t archive_unlink
0010ed30 000000bc t archive_rmdir
0010edec 000000dc t archive_mkdir
0010eec8 0000019c t archive_stat
0010f064 0000015c t archive_dirnext
0010f1c0 000000ec t archive_write
0010f2ac 000001d4 t archive_open
0010f480 00000278 t archive_rename
0010f6f8 0000019c T archiveMountSdmc
0010f894 00000054 T archiveUnmountAll
0010f8e8 000000cc T fsInit
0010f9b4 0000003c T fsExit
0010f9f0 00000060 T fsExemptFromSession
0010fa50 00000050 T fsUnexemptFromSession
0010faa0 000000cc T FSUSER_OpenFile
0010fb6c 000000bc T FSUSER_DeleteFile
0010fc28 000000f8 T FSUSER_RenameFile
0010fd20 000000bc T FSUSER_DeleteDirectory
0010fddc 000000d4 T FSUSER_CreateFile
0010feb0 000000c4 T FSUSER_CreateDirectory
0010ff74 000000f8 T FSUSER_RenameDirectory
0011006c 000000b4 T FSUSER_OpenDirectory
00110120 00000098 T FSUSER_OpenArchive
001101b8 0000008c T FSUSER_CloseArchive
00110244 00000074 T FSUSER_GetSdmcArchiveResource
001102b8 00000064 T FSUSER_IsSdmcWritable
0011031c 00000058 T FSFILE_Read
00110374 00000060 T FSFILE_Write
001103d4 0000003c T FSFILE_GetSize
00110410 00000028 T FSFILE_SetSize
00110438 0000003c T FSFILE_Close
00110474 00000024 T FSFILE_Flush
00110498 00000050 T FSDIR_Read
001104e8 0000003c T FSDIR_Close
00110524 000000e8 T utf16_to_utf8
0011060c 00000064 T decode_utf16
00110670 0000013c T decode_utf8
001107ac 000000c0 T utf8_to_utf16
0011086c T __aeabi_read_tp
00110878 00000054 T encode_utf16
001108cc 000000e0 T encode_utf8
001109b0 00000720 T pow
001110d0 00000284 T atan
00111358 000000c0 T cos
00111418 00000014 T fabs
00111430 000000c8 T sin
001114f8 00000050 T sqrtf
00111548 00000058 T sqrt
001115a0 00000008 T __ieee754_sqrtf
001115a8 00000308 T __ieee754_rem_pio2
001118b0 00000008 T __ieee754_sqrt
001118b8 00000158 T __kernel_cos
00111a10 000008c0 T __kernel_rem_pio2
001122d0 000000c0 T __kernel_sin
00112390 00000024 t with_errno
001123b4 00000028 t xflow
001123e0 00000010 T __math_uflow
001123f0 00000010 T __math_oflow
00112400 00000050 T __math_divzero
00112450 0000001c T __math_invalid
0011246c 00000014 T __math_check_uflow
00112480 00000028 T __math_check_oflow
001124a8 00000144 T floor
001125f0 00000140 T scalbn
00112730 00000120 T __udivmoddi4
00112850 00000078 T bsearch
001128c8 00000020 T calloc
001128e8 000000c0 T _calloc_r
001129a8 0000000c T __errno
001129b4 00000034 T exit
001129e8 00000234 T __sflush_r
00112c1c 00000094 T _fflush_r
00112cb0 0000000c T _cleanup_r
00112cbc 00000184 T __sinit
00112e40 0000000c T __sfp_lock_acquire
00112e4c 0000000c T __sfp_lock_release
00112e58 0000003c T __libc_fini_array
00112e94 000000f8 T _malloc_trim_r
00112f8c 000002e8 T _free_r
00113274 00000070 T _fwalk_reent
001132e4 00000084 T __libc_init_array
00113368 00000020 T memalign
00113388 0000014c T _memalign_r
001134d4 00000018 T malloc
001134ec 00000018 T free
00113504 000007e4 T _malloc_r
00113ce8 000000e4 T memchr
00113dcc 00000118 T memcpy
00113ee4 000000f4 T memset
00113fd8 0000000c T __malloc_lock
00113fe4 0000000c T __malloc_unlock
00113ff0 00000034 T printf
00114024 0000025c T setvbuf
00114280 00000074 T sscanf
001142f4 00000044 T __sread
00114338 00000008 T __seofread
00114340 00000068 T __swrite
001143a8 00000044 T __sseek
001143ec 00000008 T __sclose
001143f4 0000005c T strlen
00114450 000000e4 T strncat
00114534 000000e4 T strncmp
00114618 000000c4 T strncpy
001146dc 00000048 T strnlen
00114724 000001c4 t _strtoul_l.constprop.0
001148e8 00000004 T _strtoul_r
001148ec 00000028 T strtoul
00114914 00000050 t get_arg
00114964 00002c38 T __ssvfscanf_r
0011759c 0000066c t get_arg
00117c08 0000339c T _vfprintf_r
0011afa4 000000d0 t __sbprintf
0011b074 00000054 T _wcrtomb_r
0011b0c8 00000028 T _wcsrtombs_r
0011b0f0 0000013c T __swsetup_r
0011b22c 00000114 T __call_exitprocs
0011b340 000001b0 t quorem
0011b4f0 000011f8 T _dtoa_r
0011c6e8 0000015c T _fclose_r
0011c844 00000008 T iswspace
0011c84c 0000000c T _localeconv_r
0011c858 00000010 T __locale_mb_cur_max
0011c868 00000138 T __smakebuf_r
0011c9a0 0000008c T __swhatbuf_r
0011ca2c 00000068 T _mbrtowc_r
0011ca94 000002f8 T __utf8_mbtowc
0011cd8c 00000088 T _Balloc
0011ce14 0000001c T _Bfree
0011ce30 000000f4 T __multadd
0011cf24 00000110 T __s2b
0011d034 00000060 T __hi0bits
0011d094 0000009c T __lo0bits
0011d130 000000a8 T __i2b
0011d1d8 00000204 T __multiply
0011d3dc 00000124 T __pow5mult
0011d500 00000140 T __lshift
0011d640 00000058 T __mcmp
0011d698 000001ec T __mdiff
0011d884 00000068 T __ulp
0011d8ec 000000d0 T __b2d
0011d9bc 00000120 T __d2b
0011dadc 00000078 T __ratio
0011db54 00000088 T __copybits
0011dbdc 0000005c T __any_on
0011dc38 00000020 T realloc
0011dc58 000004a0 T _realloc_r
0011e0f8 000000f4 T __sccl
0011e1ec 0000000c T nanf
0011e1f8 00000088 T frexp
0011e280 00000064 T sprintf
0011e2e4 000000cc T stpncpy
0011e3b0 00000130 T strchr
0011e4e0 00000064 t sulp
0011e548 000013a8 T _strtod_l
0011f8f0 0000000c T _strtod_r
0011f8fc 0000022c t _strtoll_l.constprop.0
0011fb28 00000004 T _strtoll_r
0011fb2c 000001a4 t _strtol_l.part.0
0011fcd0 0000003c T _strtol_r
0011fd0c 00000244 t _strtoull_l.constprop.0
0011ff50 00000004 T _strtoull_r
0011ff54 00000188 T __ssprint_r
001200dc 000000d4 T _sungetc_r
001201b0 0000006c T __ssrefill_r
0012021c 000000c4 T _sfread_r
001202e0 0000066c t get_arg
00120950 00003334 T _svfprintf_r
00123c84 000000a8 T __submore
00123d2c 0000066c t get_arg
00124398 00000030 T __sprint_r
001243c8 000022ec T _vfiprintf_r
001266b4 000000d0 t __sbprintf
00126784 00000188 T _wcsnrtombs_l
0012690c 0000004c T _wcsnrtombs_r
00126958 000000f0 T __utf8_wctomb
00126a48 0000005c T __assert_func
00126aa4 0000003c T fiprintf
00126ae0 000004b4 T __sfvwrite_r
00126f94 000000f0 t rshift
00127084 00000814 T __gethex
00127898 0000004c T __match
001278e4 0000029c T __hexnan
00127b80 0000003c T iswspace_l
00127bbc 000001d8 t __jp2uc
00127d94 0000009c T _jp2uc_l
00127e30 00000150 T memmove
00127f80 00000010 T nan
00127f90 00000014 T abort
00127fa4 0000008c T category
00128030 00000090 T _raise_r
001280c0 00000018 T raise
001280d8 00000008 t null_write
001280e0 00000018 T setDefaultDevice
001280f8 000000c8 T FindDevice
001281c0 00000028 T RemoveDevice
001281e8 0000009c T AddDevice
00128284 00000020 T GetDeviceOpTab
001282a4 00000078 T _fstat_r
0012831c 00000014 T _getpid_r
00128330 00000008 T _isatty_r
00128338 00000014 T _kill_r
0012834c 00000084 T _lseek_r
001283d0 00000080 T _read_r
00128450 00000078 T _sbrk_r
001284c8 00000080 T _write_r
00128548 00000020 T _exit
00128568 000001a4 T _concatenate_path
0012870c 00000140 T chdir
0012884c 00000008 T __flockfile
00128854 00000008 T __funlockfile
0012885c 0000003c T __get_handle
00128898 000000f4 T _close_r
0012898c 0000002c T __getreent
001289b8 0000001c T __libc_lock_acquire
001289d4 0000001c T __libc_lock_release
001289f0 0000001c T __libc_lock_init_recursive
00128a0c 0000001c T __libc_lock_acquire_recursive
00128a28 0000001c T __libc_lock_release_recursive
00128a44 0000001c T __libc_lock_close_recursive
00128a60 00000038 T __aeabi_d2lz
00128a60 00000038 T __fixdfdi
00128a98 00000040 T __aeabi_d2ulz
00128a98 00000040 T __fixunsdfdi
00128ad8 00000048 T strrchr
00128b20 T _fini
00129028 R render2d_shbin
001291b4 R render2d_shbin_end
001291b4 R render2d_shbin_size
001291b8 00000005 r colorFmtSizes
001291c0 00000004 r depthFmtSizes
001291c4 00000010 r CSWTCH.9
0012924c 00000070 r dotab_stdout
001292bc 00000018 r grayScale
001292d4 00000006 r colorCube
001292dc 00000030 r colorTable
00129330 00000008 r morton_y.2
00129338 00000008 r morton_x.3
00129340 00000008 r s_sleepWakeEvents.4
00129378 R default_font_bin
00129b78 R default_font_bin_end
00129b9c 00000030 r error_table
00129bd4 00000070 r archive_devoptab
00129c50 00000020 r atanlo
00129c70 00000020 r atanhi
00129c90 00000080 r npio2_hw
00129d10 00000108 r two_over_pi
00129e18 00000870 R __exp_data
0012a688 00000040 r PIo2
0012a6c8 00000010 r init_jk
0012a6d8 00001048 R __pow_log_data
0012b720 00000004 R _global_impure_ptr
0012b72c 00000022 r basefix.0
0012b78c 00000010 r zeroes.0
0012b79c 00000010 r blanks.1
0012b7ac 00000101 R _ctype_
0012b8c0 r .LC2
0012b9b4 0000000c r p05.0
0012b9c0 00000028 R __mprec_bigtens
0012b9e8 000000c8 R __mprec_tens
0012bac0 00000014 r fpinan.0
0012bad4 00000014 r fpi.1
0012bae8 00000028 r tinytens
0012bb10 0000006c R __action_table
0012bb7c 0000006c R __state_table
0012bbe8 00000100 R __chclass
0012bce8 00000010 r zeroes.0
0012bcf8 00000010 r blanks.1
0012bd08 00000010 r zeroes.0
0012bd18 00000010 r blanks.1
0012bdb8 00000100 R __hexdig
0012becc 00001a7c r d02f4
0012d948 0000172a r b02cf
0012f074 00000040 r a8
0012f0b4 000000a2 r a7
0012f158 00000070 r a6
0012f1c8 0000005b r a3
0012f224 000000bc r a2
0012f2e0 000000bc r a1
0012f39c 00003528 r categories
001328c4 00000070 R dotab_stdnull
00132934 R __tdata_align
00132938 r 
00132938 R __exidx_end
00132938 R __exidx_start
00133000 00000008 D playerRot
00133008 00000004 D rotSpeed
0013300c 00000004 D playerSpeed
00133010 00000060 D vertecies
00133070 00000068 D lines
001330d8 00000060 D polygons
00133138 00000004 d framerate
0013313c 00000008 d framerateCounter
00133144 00000001 d firstConsoleInit.0
00133148 00000004 D currentConsole
0013314c 00000048 D defaultConsole
00133194 00000004 d queueLock
00133198 00000004 d kCount
0013319c 00000004 d kInterval
001331a0 00000004 d kDelay
001331a4 W __stacksize__
001331a8 00000004 D _impure_ptr
001331b0 00000460 d impure_data
00133610 00000004 D __malloc_sbrk_base
00133614 00000004 D __malloc_trim_threshold
00133618 00000408 D __malloc_av_
00133a20 0000016c D __global_locale
00133b8c 0000008c D devoptab_list
00133c18 00000004 d defaultDevice
00133c1c 00000400 d _current_working_directory
0013401c 00001000 d handles
0013501c 0000000c d __stderr_handle
00135028 0000000c d __stdout_handle
00135034 0000000c d __stdin_handle
00135048 d _GLOBAL_OFFSET_TABLE_
00135054 d __frame_dummy_init_array_entry
00135054 D __init_array_start
00135054 B __preinit_array_end
00135054 B __preinit_array_start
00135054 D __tdata_lma
00135054 D __tdata_lma_end
00135058 d __do_global_dtors_aux_fini_array_entry
00135058 D __fini_array_start
00135058 D __init_array_end
0013505c D __bss_start__
0013505c D __fini_array_end
00135060 0000000c B playerPos
00135070 00000008 B deltaTime
00135078 00000010 B end
00135088 00000010 B begin
00135098 b completed.1
0013509c b object.0
001350b8 000005a8 B __C2Di_Context
00135660 00000040 b s_projBot
001356a0 00000040 b s_projTop
001356e0 00000004 b uLoc_mdlvMtx
001356e4 00000004 b uLoc_projMtx
001356e8 000002d0 B __C3D_Context
001359b8 0000000c b hookCookie
001359c8 00000010 b cpuTime
001359d8 00000004 b firstTarget
001359dc 00000008 b frameCounter
001359e4 00000004 b frameEndCb
001359e8 00000004 b frameEndCbData
001359f0 00000010 b gpuTime
00135a00 00000001 b inFrame
00135a01 00000001 b inSafeTransfer
00135a02 00000001 b isTopStereo
00135a04 00000004 b lastTarget
00135a08 0000000c b linkedTarget
00135a14 00000001 b measureGpuTime
00135a15 00000001 b needSwapBot
00135a16 00000001 b needSwapTop
00135a18 00000004 B C3D_BoolUnifs
00135a1c 00000002 B C3D_BoolUnifsDirty
00135a20 00000c00 B C3D_FVUnif
00136620 000000c0 B C3D_FVUnifDirty
001366e0 00000020 B C3D_IVUnif
00136700 00000008 B C3D_IVUnifDirty
00136708 000000c0 b C3Di_FVUnifEverDirty
001367c8 00000008 b C3Di_IVUnifEverDirty
001367d0 00000018 b C3Di_ShaderFVecData
001367e8 00000008 b sVramPoolB
001367f0 00000008 b sVramPoolA
001367f8 0000000c b sAddrMap
00136808 00000008 b sLinearPool
00136810 0000000c b sAddrMap
0013681c 00000001 V __ctru_speedup
00136820 00000048 B currentCopy
00136868 00000004 b screenAlloc
0013686c 00000004 b screenFree
00136870 00000002 b gfxIsDoubleBuf
00136874 00000002 b gfxCurBuf
00136876 00000001 b gfxIsVram
00136877 00000001 b gfxTopMode
00136878 00000002 b gfxFramebufferFormats
0013687c 00000004 b gfxBottomFramebufferMaxSize
00136880 00000004 b gfxTopFramebufferMaxSize
00136888 00000008 b gfxBottomFramebuffers
00136890 00000008 b gfxTopFramebuffers
00136898 00000004 b boundQueue
0013689c 00000001 b shouldStop
0013689d 00000001 b isRunning
0013689e 00000001 b isActive
001368a0 00000004 b curQueue
001368a4 00000004 B gpuCmdBufOffset
001368a8 00000004 B gpuCmdBufSize
001368ac 00000004 B gpuCmdBuf
001368b0 00000007 b gspEventCbOneShot
001368b8 0000001c b gspEventCbData
001368d4 0000001c b gspEventCb
001368f0 00000038 b gspEvents
00136928 00000004 b gspLastEvent
0013692c 00000001 b gspRunEvents
00136930 00000004 b gspEventThread
00136934 00000004 b gspEvent
00136938 00000001 b gspGpuRight
00136939 00000001 b gspThreadId
0013693c 00000004 b gspSharedMem
00136940 00000004 b gspSharedMemHandle
00136944 00000004 b gspRefCount
00136948 00000004 b gspGpuHandle
0013694c 00000001 b flagValue.0
0013694d 00000001 b flagInit.1
00136950 00000004 b serviceName.6
00136954 00000001 b aptChainloadMediatype
00136958 00000008 b aptChainloadTid
00136960 00000001 b aptChainloadFlags
00136964 00001000 b aptParameters
00137964 00000004 b aptFlags
00137968 00000001 b aptHomeButtonState
0013796c 00000004 b aptMessageFuncData
00137970 00000004 b aptMessageFunc
00137974 0000000c b aptFirstHook
00137980 00000001 b aptEventHandlerThreadQuit
00137984 00000004 b aptEventHandlerThread
00137988 00000008 b aptSleepEvent
00137990 00000008 b aptReceiveEvent
00137998 00000008 b aptEvents
001379a0 00000004 b aptLockHandle
001379a4 00000004 b aptRefCount
001379a8 00000001 b usingIrrst
001379ac 00000004 b hidRefCount
001379b0 00000006 b gRate
001379b8 00000006 b aVec
001379c0 00000004 b cPos
001379c4 00000004 b tPos
001379c8 00000004 b kRepeat
001379cc 00000004 b kUp
001379d0 00000004 b kDown
001379d4 00000004 b kHeld
001379d8 00000004 b kOld
001379dc 00000004 B hidSharedMem
001379e0 00000014 B hidEvents
001379f4 00000004 B hidMemHandle
001379f8 00000004 B hidHandle
001379fc 00000004 b ptmSysmRefCount
00137a00 00000004 b ptmSysmHandle
00137a04 00000004 V __ctru_linear_heap_size
00137a08 00000004 V __ctru_heap_size
00137a0c 00000004 B __ctru_linear_heap
00137a10 00000004 B __ctru_heap
00137a14 00000004 B __system_retAddr
00137a18 00000004 B __system_argv
00137a1c 00000004 B __system_argc
00137a20 b saved_stack
00137a28 00000004 b arbiter
00137a2c 00000004 B __3dslink_host
00137a30 00000004 b srvRefCount
00137a34 00000004 b srvHandle
00137a38 00000004 b currentAddr
00137a3c 00000004 b maxAddr
00137a40 00000004 b minAddr
00137a44 00000004 b irrstRefCount
00137a48 00000004 b csPos
00137a4c 00000004 b kHeld
00137a50 00000004 B irrstSharedMem
00137a54 00000004 B irrstEvent
00137a58 00000004 B irrstMemHandle
00137a5c 00000004 B irrstHandle
00137a60 00000004 b srvPmHandle
00137a68 00000540 b archive_devices
00137fa8 00000004 b archive_device_cwd
00137fac 00000001 b archive_initialized
00137fb0 00000080 b fsExemptArchives
00138030 00000004 b fsuRefCount
00138034 00000004 b fsuHandle
00138038 0000000c b __sinit_recursive_mutex
00138044 0000000c b __sfp_recursive_mutex
00138050 00000028 B __malloc_current_mallinfo
00138078 00000004 B __malloc_max_total_mem
0013807c 00000004 B __malloc_max_sbrked_mem
00138080 00000004 B __malloc_top_pad
00138084 0000000c b __malloc_recursive_mutex
00138090 0000000c B __atexit_recursive_mutex
0013809c 00000004 b heap_start.0
001380a0 00000004 B fake_heap_start
001380a4 00000004 B fake_heap_end
001380a8 00000400 b temp_cwd
001384a8 00000004 b __hndl_lock
001384ac B __tls_start
001390b4 B __bss_end__
001390b4 A __end__
001390b4 B __tls_end
