         w __deregister_frame_info
         w __register_frame_info
         w __syscall_lock_close_recursive
         w userAppExit
         w userAppInit
00000000 b _TLS_MODULE_BASE_
00000000 00000802 B __ctru_dev_utf16_buf
00000000 a shift
00000000 a shift
00000804 00000401 B __ctru_dev_path_buf
00100000 A __start__
00100000 T _start
00100008 T __service_ptr
0010000c T __apt_appid
00100010 T __heap_size
00100014 T __linear_heap_size
00100018 T __system_arglist
0010001c T __system_runflags
00100020 t startup
00100058 t ClearMem
0010006c t ClrLoop
00100094 T _init
001000ac T __aeabi_idiv
001000ac 00000220 T __divsi3
001000b4 t .divsi3_skip_div0_test
001002cc 00000020 T __aeabi_idivmod
001002ec 00000004 W __aeabi_idiv0
001002ec 00000004 W __aeabi_ldiv0
001002f0 T __aeabi_drsub
001002f8 000002b0 T __aeabi_dsub
001002f8 000002b0 T __subdf3
001002fc 000002ac T __adddf3
001002fc 000002ac T __aeabi_dadd
001005a8 00000024 T __aeabi_ui2d
001005a8 00000024 T __floatunsidf
001005cc 00000028 T __aeabi_i2d
001005cc 00000028 T __floatsidf
001005f4 00000048 T __aeabi_f2d
001005f4 00000048 T __extendsfdf2
0010063c 00000074 T __aeabi_ul2d
0010063c 00000074 T __floatundidf
00100650 00000060 T __aeabi_l2d
00100650 00000060 T __floatdidf
001006b0 T __aeabi_ldivmod
00100784 T __aeabi_uldivmod
001007c8 00000390 T strcmp
00100b50 t .udivsi3_skip_div0_test
00100b50 T __aeabi_uidiv
00100b50 000001ec T __udivsi3
00100d3c 00000020 T __aeabi_uidivmod
00100d5c t __do_global_dtors_aux
00100d9c t frame_dummy
00100dc8 00000018 t C2D_SceneTarget
00100de0 00000020 t C2D_SceneBegin
00100e00 00000018 t C2D_DrawRectSolid
00100e18 00000014 T exitTheGame
00100e2c 00000028 T cutANumber
00100e58 00000194 T handleInput
00100ff0 00000554 T main
00101544 00000044 t C2Di_FrameEndHook
00101588 0000036c T C2D_Init
001018f4 0000004c T C2D_Fini
00101940 000000b8 T C2D_Prepare
001019f8 00000048 T C2D_Flush
00101a40 00000104 T C2D_SceneSize
00101b44 00000058 T C2D_CreateScreenTarget
00101b9c 00000064 T C2D_TargetClear
00101c00 00000058 T C2Di_AppendQuad
00101c58 00000550 T C2Di_Update
001021a8 00000158 T C2D_DrawRectangle
00102300 00000004 W C3Di_LightEnvUpdate
00102304 00000004 W C3Di_LightEnvDirty
00102308 000000b4 t C3Di_AptEventHook
001023bc 00000004 W C3Di_GasUpdate
001023c0 000001e0 T C3D_Init
001025a0 00000098 T C3D_SetViewport
00102638 000004e8 T C3Di_UpdateContext
00102b20 000000e0 T C3Di_SplitFrame
00102c00 00000044 T C3D_Fini
00102c44 00000114 T C3D_BindProgram
00102d58 0000004c t onVBlank0
00102da4 0000004c t onVBlank1
00102df0 00000080 t C3Di_RenderTargetDestroy
00102e70 000000f4 t onQueueFinish
00102f64 00000038 T C3Di_RenderQueueEnableVBlank
00102f9c 00000030 T C3Di_RenderQueueDisableVBlank
00102fcc 00000060 T C3Di_RenderQueueInit
0010302c 000000b0 T C3Di_RenderQueueExit
001030dc 00000034 T C3Di_RenderQueueWaitDone
00103110 000000e4 T C3D_FrameBegin
001031f4 00000048 T C3D_FrameDrawOn
0010323c 00000058 T C3D_FrameSplit
00103294 000001d8 T C3D_FrameEnd
0010346c 0000001c T C3D_FrameEndHook
00103488 00000184 T C3D_RenderTargetCreate
0010360c 000000a8 T C3D_RenderTargetSetOutput
001036b4 00000044 T C3D_TexBind
001036f8 0000016c T C3Di_SetTex
00103864 0000001c T C3D_CalcColorBufSize
00103880 0000001c T C3D_CalcDepthBufSize
0010389c 00000044 T C3D_SetFrameBuf
001038e0 0000016c T C3Di_FrameBufBind
00103a4c 000000c8 T C3D_FrameBufClear
00103b14 00000044 T C3D_FrameBufTransfer
00103b58 00000034 T C3D_GetTexEnv
00103b8c 00000024 T C3Di_TexEnvBind
00103bb0 00000218 T C3D_DrawElements
00103dc8 00000070 T C3D_ProcTexInit
00103e38 00000054 T C3D_ProcTexBind
00103e8c 0000005c T C3D_ProcTexLutBind
00103ee8 000000a4 T ProcTexLut_FromArray
00103f8c 0000017c T C3Di_ProcTexUpdate
00104108 00000068 T C3Di_ProcTexDirty
00104170 00000024 T BufInfo_Init
00104194 00000080 T BufInfo_Add
00104214 00000040 T C3D_SetBufInfo
00104254 00000048 T C3Di_BufInfoBind
0010429c 00000040 T C3D_DepthMap
001042dc 0000001c T C3D_CullFace
001042f8 00000040 T C3D_StencilTest
00104338 00000024 T C3D_StencilOp
0010435c 0000001c T C3D_BlendingColor
00104378 00000024 T C3D_EarlyDepthTest
0010439c 0000002c T C3D_DepthTest
001043c8 0000002c T C3D_AlphaTest
001043f4 00000050 T C3D_AlphaBlend
00104444 00000030 T C3D_FragOpMode
00104474 00000044 T C3D_FragOpShadow
001044b8 000001ac T C3Di_EffectBind
00104664 00000028 T AttrInfo_Init
0010468c 00000094 T AttrInfo_AddLoader
00104720 00000054 T C3D_SetAttrInfo
00104774 00000080 T C3Di_AttrInfoBind
001047f4 000000a8 T C3D_ImmSendAttrib
0010489c 00000280 T C3D_UpdateUniforms
00104b1c 000000c0 T C3Di_DirtyUniforms
00104bdc 000000d8 T C3Di_LoadShaderUniforms
00104cb4 00000028 T C3Di_ClearShaderUniforms
00104cdc 000000cc T Mtx_Ortho
00104da8 000000cc T Mtx_OrthoTilt
00104e74 00000024 t addrMapNodeComparator(rbtree_node const*, rbtree_node const*)
00104e98 00000004 t addrMapNodeDestructor(rbtree_node*)
00104e9c 00000250 T vramMemAlignAt
001050ec 0000000c T vramAlloc
001050f8 0000000c T vramAllocAt
00105104 00000090 T vramFree
00105194 00000024 t addrMapNodeComparator(rbtree_node const*, rbtree_node const*)
001051b8 00000004 t addrMapNodeDestructor(rbtree_node*)
001051bc 00000120 T linearMemAlign
001052dc 00000008 T linearAlloc
001052e4 0000005c T linearFree
00105340 00000080 T MemPool::CoalesceRight(MemBlock*)
001053c0 0000016c T MemPool::Allocate(MemChunk&, unsigned long, int)
0010552c 000000fc T MemPool::Deallocate(MemChunk const&)
00105628 00000030 T MemPool::GetFreeSpace()
00105658 00000074 T osConvertVirtToPhys
001056cc 00000054 T osGetTimeRef
00105720 000000ec T osGetTime
0010580c 00000034 T __ctru_speedup_config
00105840 000001e8 t parseColor
00105a28 000001ac T consoleDrawChar
00105bd4 00000124 T consolePrintChar
00105cf8 00000b94 T con_write
0010688c 000000fc t newRow
00106988 00000168 T consoleInit
00106af0 000000d0 t gfxPresentFramebuffer
00106bc0 00000010 T gfxSet3D
00106bd0 0000001c T gfxIsWide
00106bec 000000ec T gfxSetScreenFormat
00106cd8 00000010 T gfxSetDoubleBuffering
00106ce8 000000e0 T gfxInit
00106dc8 00000010 T gfxInitDefault
00106dd8 000000b4 T gfxExit
00106e8c 000000a0 T gfxGetFramebuffer
00106f2c 00000104 T gfxFlushBuffers
00107030 00000030 T gfxScreenSwapBuffers
00107060 00000050 T gfxSwapBuffersGpu
001070b0 000001d4 T shaderInstanceInit
00107284 00000018 T shaderInstanceGetUniformLocation
0010729c 0000001c T shaderProgramInit
001072b8 00000064 T shaderProgramFree
0010731c 00000080 T shaderProgramSetVsh
0010739c 000008e0 T shaderProgramConfigure
00107c7c 000001cc t DVLE_GenerateOutmap.part.0
00107e48 000001b4 T DVLB_ParseFile
00107ffc 00000038 T DVLB_Free
00108034 00000074 T DVLE_GetUniformRegister
001080a8 00000010 T GX_BindQueue
001080b8 00000078 T GX_ProcessCommandList
00108130 00000074 T GX_MemoryFill
001081a4 00000070 T GX_DisplayTransfer
00108214 00000068 t gxCmdQueueDoCommands.part.0
0010827c 000000c8 T gxCmdQueueInterrupt
00108344 0000004c T gxCmdQueueClear
00108390 000000f8 T gxCmdQueueAdd
00108488 00000080 T gxCmdQueueRun
00108508 00000060 T gxCmdQueueStop
00108568 00000074 T gxCmdQueueWait
001085dc 0000013c T GPUCMD_Add
00108718 000000b0 T GPUCMD_Split
001087c8 00000034 T f32tof16
001087fc 00000034 T f32tof24
00108830 00000038 T f32tof31
00108868 00000c58 t gspHardwareInit
001094c0 00000248 T gspInit
00109708 000000f0 T gspExit
001097f8 00000010 T gspHasGpuRight
00109808 000000a0 T gspPresentBuffer
001098a8 00000030 T gspSetEventCallback
001098d8 00000044 T gspWaitForEvent
0010991c 0000004c T gspWaitForAnyEvent
00109968 00000158 t gspEventThreadMain
00109ac0 00000130 T gspSubmitGxCommand
00109bf0 00000050 T GSPGPU_FlushDataCache
00109c40 00000034 T GSPGPU_SetLcdForceBlack
00109c74 00000068 T GSPGPU_AcquireRight
00109cdc 00000048 T GSPGPU_ReleaseRight
00109d24 0000007c T GSPGPU_ImportDisplayCaptureInfo
00109da0 0000002c T GSPGPU_SaveVramSysArea
00109dcc 0000002c T GSPGPU_RestoreVramSysArea
00109df8 000001a4 t aptConvertScreenForCapture
00109f9c 00000008 W aptDspSleep
00109fa4 00000004 W aptDspWakeup
00109fa8 00000004 W aptDspCancel
00109fac 00000158 T aptSendCommand
0010a108 00000044 t aptExitProcess
0010a14c 000002f4 T aptExit
0010a440 000000e0 T aptHandleSleep
0010a520 00000030 T aptHook
0010a550 00000030 T aptUnhook
0010a580 00000084 T APT_SleepIfShellClosed
0010a604 00000084 T aptSetSleepAllowed
0010a688 00000084 T APT_UnlockTransition
0010a710 000004a4 t aptEventHandler
0010abb4 000000b0 T APT_ReceiveParameter
0010ac64 000000b0 t aptReceiveParameter.constprop.0
0010ad18 000002ac t aptScreenTransfer
0010afc4 00000344 t aptWaitForWakeUp.isra.0
0010b308 00000100 T aptJumpToHomeMenu
0010b408 00000048 T aptMainLoop
0010b450 0000022c T aptInit
0010b67c 0000007c T APT_CheckNew3DS
0010b6f8 00000024 W hidShouldUseIrrst
0010b71c 0000018c T hidInit
0010b8a8 000000e8 T hidExit
0010b990 000002a4 T hidScanInput
0010bc34 00000010 T hidKeysHeld
0010bc44 00000010 T hidKeysDown
0010bc54 00000018 T hidCircleRead
0010bc6c 00000074 T ptmSysmInit
0010bce0 0000003c T ptmSysmExit
0010bd1c 00000034 T PTMSYSM_ConfigureNew3DSCPU
0010bd50 00000010 T rbtree_init
0010bd60 000001b4 t do_insert
0010bf14 00000008 T rbtree_insert
0010bf1c 00000090 T rbtree_rotate
0010bfac 00000318 T rbtree_remove
0010c2c4 00000074 T rbtree_find
0010c338 000001e0 W __system_allocateHeaps
0010c518 00000038 W __libctru_init
0010c550 00000170 W __system_initArgv
0010c6c0 T svcControlMemory
0010c6e0 T svcQueryMemory
0010c710 T svcExitProcess
0010c718 T svcCreateThread
0010c738 T svcExitThread
0010c740 T svcSleepThread
0010c748 T svcReleaseMutex
0010c750 T svcCreateEvent
0010c764 T svcSignalEvent
0010c76c T svcClearEvent
0010c774 T svcMapMemoryBlock
0010c77c T svcUnmapMemoryBlock
0010c784 T svcCreateAddressArbiter
0010c798 T svcArbitrateAddressNoTimeout
0010c7a0 T svcCloseHandle
0010c7a8 T svcWaitSynchronization
0010c7b0 T svcWaitSynchronizationN
0010c7d8 T svcDuplicateHandle
0010c7ec T svcGetSystemTick
0010c7f4 T svcConnectToPort
0010c808 T svcSendSyncRequest
0010c810 T svcGetResourceLimit
0010c824 T svcGetResourceLimitLimitValues
0010c82c T svcGetResourceLimitCurrentValues
0010c834 T svcBreak
0010c83c W initSystem
0010c88c W __ctru_exit
0010c8a4 0000000c T __sync_init
0010c8b0 00000018 T __sync_fini
0010c8c8 0000002c T syncArbitrateAddress
0010c8f4 000000b0 T LightLock_Lock
0010c9a4 00000040 T LightLock_Unlock
0010c9e4 00000024 T RecursiveLock_Init
0010ca08 00000030 T RecursiveLock_Lock
0010ca38 00000054 T RecursiveLock_Unlock
0010ca8c 00000040 T LightEvent_Init
0010cacc 000000a4 T LightEvent_Clear
0010cb70 000000c8 T LightEvent_Signal
0010cc38 00000050 T LightEvent_TryWait
0010cc88 000000b0 T LightEvent_Wait
0010cd38 00000130 T srvInit
0010ce68 00000058 T srvExit
0010cec0 000000a0 T srvGetServiceHandleDirect
0010cf60 00000038 T srvGetServiceHandle
0010cf98 00000038 T srvPublishToSubscriber
0010cfd0 00000178 T threadCreate
0010d148 0000002c T threadFree
0010d174 00000024 T threadJoin
0010d198 00000030 T threadGetCurrent
0010d1c8 00000040 T threadExit
0010d208 00000020 t _thread_begin
0010d228 000000b4 t mappableFindAddressWithin
0010d2dc 00000028 T mappableInit
0010d304 00000080 T mappableAlloc
0010d384 00000004 T mappableFree
0010d388 00000164 T irrstInit
0010d4ec 000000cc T irrstExit
0010d5b8 000000b4 T irrstScanInput
0010d66c 00000024 T irrstKeysHeld
0010d690 0000000c T srvPmGetSessionHandle
0010d69c 0000005c T rbtree_node_next
0010d6f8 00000030 W __appInit
0010d728 00000030 T __syscall_getreent
0010d758 00000074 T __syscall_gettod_r
0010d7cc 00000004 T __syscall_lock_acquire
0010d7d0 00000004 T __syscall_lock_release
0010d7d4 00000004 T __syscall_lock_init_recursive
0010d7d8 00000004 T __syscall_lock_acquire_recursive
0010d7dc 00000004 T __syscall_lock_release_recursive
0010d7e0 00000004 T __syscall_exit
0010d7e4 00000050 T initThreadVars
0010d834 00000068 T __system_initSyscalls
0010d89c 00000030 W __appExit
0010d8cc 00000090 W __libctru_exit
0010d95c 00000084 W envGetHandle
0010d9e0 00000050 W envDestroyHandles
0010da30 00000014 t archive_link
0010da44 00000014 t archive_dirreset
0010da58 00000014 t archive_chmod
0010da6c 00000024 t error_cmp
0010da90 00000050 t archive_translate_error
0010dae0 000000c8 t archive_seek
0010dba8 0000007c t _archiveInit.part.0
0010dc24 000000c4 t archiveFindDevice.part.0
0010dce8 0000025c t archive_utf16path
0010df44 000000a0 t _archiveUnmountDeviceStruct.part.0
0010dfe4 00000014 t archive_fchmod
0010dff8 00000014 t archive_statvfs
0010e00c 00000164 t _archiveMountDevice
0010e170 000000e8 t archive_diropen
0010e258 000000a4 t archive_fstat
0010e2fc 0000006c t archive_close
0010e368 0000006c t archive_fsync
0010e3d4 00000070 t archive_dirclose
0010e444 000000e8 t sdmc_statvfs
0010e52c 000000ec t archive_chdir
0010e618 0000007c t archive_ftruncate
0010e694 000000ac t archive_read
0010e740 000000a4 t archive_unlink
0010e7e4 000000bc t archive_rmdir
0010e8a0 000000dc t archive_mkdir
0010e97c 0000019c t archive_stat
0010eb18 0000015c t archive_dirnext
0010ec74 000000ec t archive_write
0010ed60 000001d4 t archive_open
0010ef34 00000278 t archive_rename
0010f1ac 0000019c T archiveMountSdmc
0010f348 00000054 T archiveUnmountAll
0010f39c 000000cc T fsInit
0010f468 0000003c T fsExit
0010f4a4 00000060 T fsExemptFromSession
0010f504 00000050 T fsUnexemptFromSession
0010f554 000000cc T FSUSER_OpenFile
0010f620 000000bc T FSUSER_DeleteFile
0010f6dc 000000f8 T FSUSER_RenameFile
0010f7d4 000000bc T FSUSER_DeleteDirectory
0010f890 000000d4 T FSUSER_CreateFile
0010f964 000000c4 T FSUSER_CreateDirectory
0010fa28 000000f8 T FSUSER_RenameDirectory
0010fb20 000000b4 T FSUSER_OpenDirectory
0010fbd4 00000098 T FSUSER_OpenArchive
0010fc6c 0000008c T FSUSER_CloseArchive
0010fcf8 00000074 T FSUSER_GetSdmcArchiveResource
0010fd6c 00000064 T FSUSER_IsSdmcWritable
0010fdd0 00000058 T FSFILE_Read
0010fe28 00000060 T FSFILE_Write
0010fe88 0000003c T FSFILE_GetSize
0010fec4 00000028 T FSFILE_SetSize
0010feec 0000003c T FSFILE_Close
0010ff28 00000024 T FSFILE_Flush
0010ff4c 00000050 T FSDIR_Read
0010ff9c 0000003c T FSDIR_Close
0010ffd8 000000e8 T utf16_to_utf8
001100c0 00000064 T decode_utf16
00110124 0000013c T decode_utf8
00110260 000000c0 T utf8_to_utf16
00110320 T __aeabi_read_tp
0011032c 00000054 T encode_utf16
00110380 000000e0 T encode_utf8
00110460 00000720 T pow
00110b80 00000284 T atan
00110e08 000000c0 T cos
00110ec8 00000014 T fabs
00110ee0 000000c8 T sin
00110fa8 00000058 T sqrt
00111000 00000308 T __ieee754_rem_pio2
00111308 00000008 T __ieee754_sqrt
00111310 00000158 T __kernel_cos
00111468 000008c0 T __kernel_rem_pio2
00111d28 000000c0 T __kernel_sin
00111de8 00000024 t with_errno
00111e0c 00000028 t xflow
00111e38 00000010 T __math_uflow
00111e48 00000010 T __math_oflow
00111e58 00000050 T __math_divzero
00111ea8 0000001c T __math_invalid
00111ec4 00000014 T __math_check_uflow
00111ed8 00000028 T __math_check_oflow
00111f00 00000144 T floor
00112048 00000140 T scalbn
00112188 00000120 T __udivmoddi4
001122a8 00000078 T bsearch
00112320 00000020 T calloc
00112340 000000c0 T _calloc_r
00112400 0000000c T __errno
0011240c 00000034 T exit
00112440 00000234 T __sflush_r
00112674 00000094 T _fflush_r
00112708 0000000c T _cleanup_r
00112714 00000184 T __sinit
00112898 0000000c T __sfp_lock_acquire
001128a4 0000000c T __sfp_lock_release
001128b0 0000003c T __libc_fini_array
001128ec 000000f8 T _malloc_trim_r
001129e4 000002e8 T _free_r
00112ccc 00000070 T _fwalk_reent
00112d3c 00000084 T __libc_init_array
00112dc0 00000020 T memalign
00112de0 0000014c T _memalign_r
00112f2c 00000018 T malloc
00112f44 00000018 T free
00112f5c 000007e4 T _malloc_r
00113740 000000e4 T memchr
00113824 00000118 T memcpy
0011393c 000000f4 T memset
00113a30 0000000c T __malloc_lock
00113a3c 0000000c T __malloc_unlock
00113a48 0000025c T setvbuf
00113ca4 00000074 T sscanf
00113d18 00000044 T __sread
00113d5c 00000008 T __seofread
00113d64 00000068 T __swrite
00113dcc 00000044 T __sseek
00113e10 00000008 T __sclose
00113e18 0000005c T strlen
00113e74 000000e4 T strncat
00113f58 000000e4 T strncmp
0011403c 000000c4 T strncpy
00114100 00000048 T strnlen
00114148 000001c4 t _strtoul_l.constprop.0
0011430c 00000004 T _strtoul_r
00114310 00000028 T strtoul
00114338 00000050 t get_arg
00114388 00002c38 T __ssvfscanf_r
00116fc0 00000020 T gettimeofday
00116fe0 00000114 T __call_exitprocs
001170f4 0000015c T _fclose_r
00117250 00000008 T iswspace
00117258 0000000c T _localeconv_r
00117264 00000010 T __locale_mb_cur_max
00117274 00000138 T __smakebuf_r
001173ac 0000008c T __swhatbuf_r
00117438 00000068 T _mbrtowc_r
001174a0 000002f8 T __utf8_mbtowc
00117798 00000020 T realloc
001177b8 000004a0 T _realloc_r
00117c58 000000f4 T __sccl
00117d4c 0000000c T nanf
00117d58 00000064 T sprintf
00117dbc 000000cc T stpncpy
00117e88 00000130 T strchr
00117fb8 00000064 t sulp
00118020 000013a8 T _strtod_l
001193c8 0000000c T _strtod_r
001193d4 0000022c t _strtoll_l.constprop.0
00119600 00000004 T _strtoll_r
00119604 000001a4 t _strtol_l.part.0
001197a8 0000003c T _strtol_r
001197e4 00000244 t _strtoull_l.constprop.0
00119a28 00000004 T _strtoull_r
00119a2c 000000d4 T _sungetc_r
00119b00 0000006c T __ssrefill_r
00119b6c 000000c4 T _sfread_r
00119c30 0000066c t get_arg
0011a2a0 00003334 T _svfprintf_r
0011d5d4 000000a8 T __submore
0011d67c 00000054 T _wcrtomb_r
0011d6d0 00000028 T _wcsrtombs_r
0011d6f8 000000f0 T __utf8_wctomb
0011d7e8 000001b0 t quorem
0011d998 000011f8 T _dtoa_r
0011eb90 000000f0 t rshift
0011ec80 00000814 T __gethex
0011f494 0000004c T __match
0011f4e0 0000029c T __hexnan
0011f77c 0000003c T iswspace_l
0011f7b8 000001d8 t __jp2uc
0011f990 0000009c T _jp2uc_l
0011fa2c 00000150 T memmove
0011fb7c 00000088 T _Balloc
0011fc04 0000001c T _Bfree
0011fc20 000000f4 T __multadd
0011fd14 00000110 T __s2b
0011fe24 00000060 T __hi0bits
0011fe84 0000009c T __lo0bits
0011ff20 000000a8 T __i2b
0011ffc8 00000204 T __multiply
001201cc 00000124 T __pow5mult
001202f0 00000140 T __lshift
00120430 00000058 T __mcmp
00120488 000001ec T __mdiff
00120674 00000068 T __ulp
001206dc 000000d0 T __b2d
001207ac 00000120 T __d2b
001208cc 00000078 T __ratio
00120944 00000088 T __copybits
001209cc 0000005c T __any_on
00120a28 00000088 T frexp
00120ab0 00000010 T nan
00120ac0 00000188 T __ssprint_r
00120c48 00000188 T _wcsnrtombs_l
00120dd0 0000004c T _wcsnrtombs_r
00120e1c 0000005c T __assert_func
00120e78 0000008c T category
00120f04 0000003c T fiprintf
00120f40 0000066c t get_arg
001215ac 00000030 T __sprint_r
001215dc 000022ec T _vfiprintf_r
001238c8 000000d0 t __sbprintf
00123998 0000013c T __swsetup_r
00123ad4 00000014 T abort
00123ae8 000004b4 T __sfvwrite_r
00123f9c 00000090 T _raise_r
0012402c 00000018 T raise
00124044 00000008 t null_write
0012404c 00000018 T setDefaultDevice
00124064 000000c8 T FindDevice
0012412c 00000028 T RemoveDevice
00124154 0000009c T AddDevice
001241f0 00000020 T GetDeviceOpTab
00124210 00000078 T _fstat_r
00124288 00000014 T _getpid_r
0012429c 00000030 T _gettimeofday_r
001242cc 00000008 T _isatty_r
001242d4 00000014 T _kill_r
001242e8 00000084 T _lseek_r
0012436c 00000080 T _read_r
001243ec 00000078 T _sbrk_r
00124464 00000080 T _write_r
001244e4 00000020 T _exit
00124504 000001a4 T _concatenate_path
001246a8 00000140 T chdir
001247e8 00000008 T __flockfile
001247f0 00000008 T __funlockfile
001247f8 0000003c T __get_handle
00124834 000000f4 T _close_r
00124928 0000002c T __getreent
00124954 0000001c T __libc_lock_acquire
00124970 0000001c T __libc_lock_release
0012498c 0000001c T __libc_lock_init_recursive
001249a8 0000001c T __libc_lock_acquire_recursive
001249c4 0000001c T __libc_lock_release_recursive
001249e0 0000001c T __libc_lock_close_recursive
001249fc 00000038 T __aeabi_d2lz
001249fc 00000038 T __fixdfdi
00124a38 00000040 T __aeabi_d2ulz
00124a38 00000040 T __fixunsdfdi
00124a78 00000048 T strrchr
00124ac0 T _fini
00125020 R render2d_shbin
001251ac R render2d_shbin_end
001251ac R render2d_shbin_size
001251b0 00000005 r colorFmtSizes
001251b8 00000004 r depthFmtSizes
001251bc 00000010 r CSWTCH.9
00125244 00000070 r dotab_stdout
001252b4 00000018 r grayScale
001252cc 00000006 r colorCube
001252d4 00000030 r colorTable
00125328 00000008 r morton_y.2
00125330 00000008 r morton_x.3
00125338 00000008 r s_sleepWakeEvents.4
00125370 R default_font_bin
00125b70 R default_font_bin_end
00125b94 00000030 r error_table
00125bcc 00000070 r archive_devoptab
00125c48 00000020 r atanlo
00125c68 00000020 r atanhi
00125c88 00000080 r npio2_hw
00125d08 00000108 r two_over_pi
00125e10 00000870 R __exp_data
00126680 00000040 r PIo2
001266c0 00000010 r init_jk
001266d0 00001048 R __pow_log_data
00127718 00000004 R _global_impure_ptr
00127724 00000022 r basefix.0
00127748 00000101 R _ctype_
001278a4 00000014 r fpinan.0
001278b8 00000014 r fpi.1
001278d0 00000028 r tinytens
00127934 00000010 r zeroes.0
00127944 00000010 r blanks.1
00127964 r .LC2
00127a14 00000100 R __hexdig
00127b28 00001a7c r d02f4
001295a4 0000172a r b02cf
0012acd0 00000040 r a8
0012ad10 000000a2 r a7
0012adb4 00000070 r a6
0012ae24 0000005b r a3
0012ae80 000000bc r a2
0012af3c 000000bc r a1
0012b044 0000000c r p05.0
0012b050 00000028 R __mprec_bigtens
0012b078 000000c8 R __mprec_tens
0012b140 0000006c R __action_table
0012b1ac 0000006c R __state_table
0012b218 00000100 R __chclass
0012b358 00003528 r categories
0012e880 00000010 r zeroes.0
0012e890 00000010 r blanks.1
0012e8a0 00000070 R dotab_stdnull
0012e910 R __tdata_align
0012e914 r 
0012e914 R __exidx_end
0012e914 R __exidx_start
0012f000 00000008 D playerRot
0012f008 00000004 D playerSpeed
0012f00c 0000006c D square
0012f078 00000004 d framerate
0012f07c 00000008 d framerateCounter
0012f084 00000001 d firstConsoleInit.0
0012f088 00000004 D currentConsole
0012f08c 00000048 D defaultConsole
0012f0d4 00000004 d queueLock
0012f0d8 00000004 d kCount
0012f0dc 00000004 d kInterval
0012f0e0 00000004 d kDelay
0012f0e4 W __stacksize__
0012f0e8 00000004 D _impure_ptr
0012f0f0 00000460 d impure_data
0012f550 00000004 D __malloc_sbrk_base
0012f554 00000004 D __malloc_trim_threshold
0012f558 00000408 D __malloc_av_
0012f960 0000016c D __global_locale
0012facc 0000008c D devoptab_list
0012fb58 00000004 d defaultDevice
0012fb5c 00000400 d _current_working_directory
0012ff5c 00001000 d handles
00130f5c 0000000c d __stderr_handle
00130f68 0000000c d __stdout_handle
00130f74 0000000c d __stdin_handle
00130f88 d _GLOBAL_OFFSET_TABLE_
00130f94 d __frame_dummy_init_array_entry
00130f94 D __init_array_start
00130f94 B __preinit_array_end
00130f94 B __preinit_array_start
00130f94 D __tdata_lma
00130f94 D __tdata_lma_end
00130f98 d __do_global_dtors_aux_fini_array_entry
00130f98 D __fini_array_start
00130f98 D __init_array_end
00130f9c D __bss_start__
00130f9c D __fini_array_end
00130fa0 0000000c B playerPos
00130fb0 00000010 B begin
00130fc0 00000010 B end
00130fd0 00000008 B deltaTime
00130fd8 b completed.1
00130fdc b object.0
00130ff8 000005a8 B __C2Di_Context
001315a0 00000040 b s_projBot
001315e0 00000040 b s_projTop
00131620 00000004 b uLoc_mdlvMtx
00131624 00000004 b uLoc_projMtx
00131628 000002d0 B __C3D_Context
001318f8 0000000c b hookCookie
00131908 00000010 b cpuTime
00131918 00000004 b firstTarget
0013191c 00000008 b frameCounter
00131924 00000004 b frameEndCb
00131928 00000004 b frameEndCbData
00131930 00000010 b gpuTime
00131940 00000001 b inFrame
00131941 00000001 b inSafeTransfer
00131942 00000001 b isTopStereo
00131944 00000004 b lastTarget
00131948 0000000c b linkedTarget
00131954 00000001 b measureGpuTime
00131955 00000001 b needSwapBot
00131956 00000001 b needSwapTop
00131958 00000004 B C3D_BoolUnifs
0013195c 00000002 B C3D_BoolUnifsDirty
00131960 00000c00 B C3D_FVUnif
00132560 000000c0 B C3D_FVUnifDirty
00132620 00000020 B C3D_IVUnif
00132640 00000008 B C3D_IVUnifDirty
00132648 000000c0 b C3Di_FVUnifEverDirty
00132708 00000008 b C3Di_IVUnifEverDirty
00132710 00000018 b C3Di_ShaderFVecData
00132728 00000008 b sVramPoolB
00132730 00000008 b sVramPoolA
00132738 0000000c b sAddrMap
00132748 00000008 b sLinearPool
00132750 0000000c b sAddrMap
0013275c 00000001 V __ctru_speedup
00132760 00000048 B currentCopy
001327a8 00000004 b screenAlloc
001327ac 00000004 b screenFree
001327b0 00000002 b gfxIsDoubleBuf
001327b4 00000002 b gfxCurBuf
001327b6 00000001 b gfxIsVram
001327b7 00000001 b gfxTopMode
001327b8 00000002 b gfxFramebufferFormats
001327bc 00000004 b gfxBottomFramebufferMaxSize
001327c0 00000004 b gfxTopFramebufferMaxSize
001327c8 00000008 b gfxBottomFramebuffers
001327d0 00000008 b gfxTopFramebuffers
001327d8 00000004 b boundQueue
001327dc 00000001 b shouldStop
001327dd 00000001 b isRunning
001327de 00000001 b isActive
001327e0 00000004 b curQueue
001327e4 00000004 B gpuCmdBufOffset
001327e8 00000004 B gpuCmdBufSize
001327ec 00000004 B gpuCmdBuf
001327f0 00000007 b gspEventCbOneShot
001327f8 0000001c b gspEventCbData
00132814 0000001c b gspEventCb
00132830 00000038 b gspEvents
00132868 00000004 b gspLastEvent
0013286c 00000001 b gspRunEvents
00132870 00000004 b gspEventThread
00132874 00000004 b gspEvent
00132878 00000001 b gspGpuRight
00132879 00000001 b gspThreadId
0013287c 00000004 b gspSharedMem
00132880 00000004 b gspSharedMemHandle
00132884 00000004 b gspRefCount
00132888 00000004 b gspGpuHandle
0013288c 00000001 b flagValue.0
0013288d 00000001 b flagInit.1
00132890 00000004 b serviceName.6
00132894 00000001 b aptChainloadMediatype
00132898 00000008 b aptChainloadTid
001328a0 00000001 b aptChainloadFlags
001328a4 00001000 b aptParameters
001338a4 00000004 b aptFlags
001338a8 00000001 b aptHomeButtonState
001338ac 00000004 b aptMessageFuncData
001338b0 00000004 b aptMessageFunc
001338b4 0000000c b aptFirstHook
001338c0 00000001 b aptEventHandlerThreadQuit
001338c4 00000004 b aptEventHandlerThread
001338c8 00000008 b aptSleepEvent
001338d0 00000008 b aptReceiveEvent
001338d8 00000008 b aptEvents
001338e0 00000004 b aptLockHandle
001338e4 00000004 b aptRefCount
001338e8 00000001 b usingIrrst
001338ec 00000004 b hidRefCount
001338f0 00000006 b gRate
001338f8 00000006 b aVec
00133900 00000004 b cPos
00133904 00000004 b tPos
00133908 00000004 b kRepeat
0013390c 00000004 b kUp
00133910 00000004 b kDown
00133914 00000004 b kHeld
00133918 00000004 b kOld
0013391c 00000004 B hidSharedMem
00133920 00000014 B hidEvents
00133934 00000004 B hidMemHandle
00133938 00000004 B hidHandle
0013393c 00000004 b ptmSysmRefCount
00133940 00000004 b ptmSysmHandle
00133944 00000004 V __ctru_linear_heap_size
00133948 00000004 V __ctru_heap_size
0013394c 00000004 B __ctru_linear_heap
00133950 00000004 B __ctru_heap
00133954 00000004 B __system_retAddr
00133958 00000004 B __system_argv
0013395c 00000004 B __system_argc
00133960 b saved_stack
00133968 00000004 b arbiter
0013396c 00000004 B __3dslink_host
00133970 00000004 b srvRefCount
00133974 00000004 b srvHandle
00133978 00000004 b currentAddr
0013397c 00000004 b maxAddr
00133980 00000004 b minAddr
00133984 00000004 b irrstRefCount
00133988 00000004 b csPos
0013398c 00000004 b kHeld
00133990 00000004 B irrstSharedMem
00133994 00000004 B irrstEvent
00133998 00000004 B irrstMemHandle
0013399c 00000004 B irrstHandle
001339a0 00000004 b srvPmHandle
001339a8 00000540 b archive_devices
00133ee8 00000004 b archive_device_cwd
00133eec 00000001 b archive_initialized
00133ef0 00000080 b fsExemptArchives
00133f70 00000004 b fsuRefCount
00133f74 00000004 b fsuHandle
00133f78 0000000c b __sinit_recursive_mutex
00133f84 0000000c b __sfp_recursive_mutex
00133f90 00000028 B __malloc_current_mallinfo
00133fb8 00000004 B __malloc_max_total_mem
00133fbc 00000004 B __malloc_max_sbrked_mem
00133fc0 00000004 B __malloc_top_pad
00133fc4 0000000c b __malloc_recursive_mutex
00133fd0 0000000c B __atexit_recursive_mutex
00133fdc 00000004 b heap_start.0
00133fe0 00000004 B fake_heap_start
00133fe4 00000004 B fake_heap_end
00133fe8 00000400 b temp_cwd
001343e8 00000004 b __hndl_lock
001343ec B __tls_start
00134ff4 B __bss_end__
00134ff4 A __end__
00134ff4 B __tls_end
